Using pre-set license
Built from '2021.3/release' branch; Version is '2021.3.12f1 (8af3c3e441b1) revision 9106371'; Using compiler version '192829333'; Build Type 'Release'
OS: 'Windows 11  (10.0.22621) 64bit CoreSingleLanguage' Language: 'tr' Physical Memory: 16110 MB
BatchMode: 1, IsHumanControllingUs: 0, StartBugReporterOnCrash: 0, Is64bit: 1, IsPro: 1

COMMAND LINE ARGUMENTS:
C:\Program Files\Unity\Hub\Editor\2021.3.12f1\Editor\Unity.exe
-adb2
-batchMode
-noUpm
-name
AssetImportWorker0
-projectPath
C:/Users/Engin/Desktop/Unity/CarDrifting
-logFile
Logs/AssetImportWorker0.log
-srvPort
50020
Successfully changed project path to: C:/Users/Engin/Desktop/Unity/CarDrifting
C:/Users/Engin/Desktop/Unity/CarDrifting
[UnityMemory] Configuration Parameters - Can be set up in boot.config
    "memorysetup-bucket-allocator-granularity=16"
    "memorysetup-bucket-allocator-bucket-count=8"
    "memorysetup-bucket-allocator-block-size=33554432"
    "memorysetup-bucket-allocator-block-count=8"
    "memorysetup-main-allocator-block-size=16777216"
    "memorysetup-thread-allocator-block-size=16777216"
    "memorysetup-gfx-main-allocator-block-size=16777216"
    "memorysetup-gfx-thread-allocator-block-size=16777216"
    "memorysetup-cache-allocator-block-size=4194304"
    "memorysetup-typetree-allocator-block-size=2097152"
    "memorysetup-profiler-bucket-allocator-granularity=16"
    "memorysetup-profiler-bucket-allocator-bucket-count=8"
    "memorysetup-profiler-bucket-allocator-block-size=33554432"
    "memorysetup-profiler-bucket-allocator-block-count=8"
    "memorysetup-profiler-allocator-block-size=16777216"
    "memorysetup-profiler-editor-allocator-block-size=1048576"
    "memorysetup-temp-allocator-size-main=16777216"
    "memorysetup-job-temp-allocator-block-size=2097152"
    "memorysetup-job-temp-allocator-block-size-background=1048576"
    "memorysetup-job-temp-allocator-reduction-small-platforms=262144"
    "memorysetup-temp-allocator-size-background-worker=32768"
    "memorysetup-temp-allocator-size-job-worker=262144"
    "memorysetup-temp-allocator-size-preload-manager=33554432"
    "memorysetup-temp-allocator-size-nav-mesh-worker=65536"
    "memorysetup-temp-allocator-size-audio-worker=65536"
    "memorysetup-temp-allocator-size-cloud-worker=32768"
    "memorysetup-temp-allocator-size-gi-baking-worker=262144"
    "memorysetup-temp-allocator-size-gfx=262144"
Refreshing native plugins compatible for Editor in 69.84 ms, found 3 plugins.
Preloading 0 native plugins for Editor in 0.00 ms.
Initialize engine version: 2021.3.12f1 (8af3c3e441b1)
[Subsystems] Discovering subsystems at path C:/Program Files/Unity/Hub/Editor/2021.3.12f1/Editor/Data/Resources/UnitySubsystems
[Subsystems] Discovering subsystems at path C:/Users/Engin/Desktop/Unity/CarDrifting/Assets
GfxDevice: creating device client; threaded=0; jobified=0
Direct3D:
    Version:  Direct3D 11.0 [level 11.1]
    Renderer: Intel(R) Iris(R) Xe Graphics (ID=0x46a6)
    Vendor:   Intel
    VRAM:     8055 MB
    Driver:   31.0.101.3358
Initialize mono
Mono path[0] = 'C:/Program Files/Unity/Hub/Editor/2021.3.12f1/Editor/Data/Managed'
Mono path[1] = 'C:/Program Files/Unity/Hub/Editor/2021.3.12f1/Editor/Data/MonoBleedingEdge/lib/mono/unityjit-win32'
Mono config path = 'C:/Program Files/Unity/Hub/Editor/2021.3.12f1/Editor/Data/MonoBleedingEdge/etc'
Using monoOptions --debugger-agent=transport=dt_socket,embedding=1,server=y,suspend=n,address=127.0.0.1:56028
Begin MonoManager ReloadAssembly
Registering precompiled unity dll's ...
Register platform support module: C:/Program Files/Unity/Hub/Editor/2021.3.12f1/Editor/Data/PlaybackEngines/WebGLSupport/UnityEditor.WebGL.Extensions.dll
Register platform support module: C:/Program Files/Unity/Hub/Editor/2021.3.12f1/Editor/Data/PlaybackEngines/AndroidPlayer/UnityEditor.Android.Extensions.dll
Register platform support module: C:/Program Files/Unity/Hub/Editor/2021.3.12f1/Editor/Data/PlaybackEngines/WindowsStandaloneSupport/UnityEditor.WindowsStandalone.Extensions.dll
Registered in 0.004909 seconds.
Native extension for WindowsStandalone target not found
Native extension for Android target not found
Native extension for WebGL target not found
Refreshing native plugins compatible for Editor in 64.70 ms, found 3 plugins.
Preloading 0 native plugins for Editor in 0.00 ms.
Mono: successfully reloaded assembly
- Completed reload, in  0.546 seconds
Domain Reload Profiling:
	ReloadAssembly (546ms)
		BeginReloadAssembly (59ms)
			ExecutionOrderSort (0ms)
			DisableScriptedObjects (0ms)
			BackupInstance (0ms)
			ReleaseScriptingObjects (0ms)
			CreateAndSetChildDomain (1ms)
		EndReloadAssembly (393ms)
			LoadAssemblies (58ms)
			RebuildTransferFunctionScriptingTraits (0ms)
			SetupTypeCache (87ms)
			ReleaseScriptCaches (0ms)
			RebuildScriptCaches (26ms)
			SetupLoadedEditorAssemblies (238ms)
				LogAssemblyErrors (0ms)
				InitializePlatformSupportModulesInManaged (48ms)
				SetLoadedEditorAssemblies (0ms)
				RefreshPlugins (65ms)
				BeforeProcessingInitializeOnLoad (1ms)
				ProcessInitializeOnLoadAttributes (85ms)
				ProcessInitializeOnLoadMethodAttributes (37ms)
				AfterProcessingInitializeOnLoad (0ms)
				EditorAssembliesLoaded (0ms)
			ExecutionOrderSort2 (0ms)
			AwakeInstancesAfterBackupRestoration (0ms)
Platform modules already initialized, skipping
Registering precompiled user dll's ...
Registered in 0.004432 seconds.
Begin MonoManager ReloadAssembly
Symbol file LoadedFromMemory doesn't match image C:\Users\Engin\Desktop\Unity\CarDrifting\Library\PackageCache\com.unity.visualscripting@1.7.8\Editor\VisualScripting.Core\Dependencies\YamlDotNet\Unity.VisualScripting.YamlDotNet.dll
Symbol file LoadedFromMemory doesn't match image C:\Users\Engin\Desktop\Unity\CarDrifting\Library\PackageCache\com.unity.visualscripting@1.7.8\Editor\VisualScripting.Core\Dependencies\DotNetZip\Unity.VisualScripting.IonicZip.dll
Native extension for WindowsStandalone target not found
Native extension for Android target not found
Native extension for WebGL target not found
Refreshing native plugins compatible for Editor in 0.49 ms, found 3 plugins.
Preloading 0 native plugins for Editor in 0.00 ms.
Mono: successfully reloaded assembly
- Completed reload, in  1.006 seconds
Domain Reload Profiling:
	ReloadAssembly (1006ms)
		BeginReloadAssembly (201ms)
			ExecutionOrderSort (0ms)
			DisableScriptedObjects (5ms)
			BackupInstance (0ms)
			ReleaseScriptingObjects (0ms)
			CreateAndSetChildDomain (125ms)
		EndReloadAssembly (710ms)
			LoadAssemblies (70ms)
			RebuildTransferFunctionScriptingTraits (0ms)
			SetupTypeCache (249ms)
			ReleaseScriptCaches (0ms)
			RebuildScriptCaches (45ms)
			SetupLoadedEditorAssemblies (314ms)
				LogAssemblyErrors (0ms)
				InitializePlatformSupportModulesInManaged (14ms)
				SetLoadedEditorAssemblies (0ms)
				RefreshPlugins (1ms)
				BeforeProcessingInitializeOnLoad (73ms)
				ProcessInitializeOnLoadAttributes (198ms)
				ProcessInitializeOnLoadMethodAttributes (23ms)
				AfterProcessingInitializeOnLoad (5ms)
				EditorAssembliesLoaded (0ms)
			ExecutionOrderSort2 (0ms)
			AwakeInstancesAfterBackupRestoration (5ms)
Platform modules already initialized, skipping
========================================================================
Worker process is ready to serve import requests
Launched and connected shader compiler UnityShaderCompiler.exe after 0.05 seconds
Refreshing native plugins compatible for Editor in 0.48 ms, found 3 plugins.
Preloading 0 native plugins for Editor in 0.00 ms.
Unloading 3381 Unused Serialized files (Serialized files now loaded: 0)
Unloading 27 unused Assets / (113.4 KB). Loaded Objects now: 3840.
Memory consumption went from 116.2 MB to 116.1 MB.
Total: 3.560200 ms (FindLiveObjects: 0.256800 ms CreateObjectMapping: 0.122100 ms MarkObjects: 3.083100 ms  DeleteObjects: 0.096100 ms)

AssetImportParameters requested are different than current active one (requested -> active):
  custom:video-decoder-ogg-theora: a1e56fd34408186e4bbccfd4996cb3dc -> 
  custom:container-muxer-webm: aa71ff27fc2769a1b78a27578f13a17b -> 
  custom:container-demuxer-webm: 4f35f7cbe854078d1ac9338744f61a02 -> 
  custom:video-encoder-webm-vp8: eb34c28f22e8b96e1ab97ce403110664 -> 
  custom:video-codec-MediaFoundation-h265: 746d11721c4dcdbdad8f713fa42b33f4 -> 
  custom:audio-encoder-webm-vorbis: bf7c407c2cedff20999df2af8eb42d56 -> 
  custom:framework-win-MediaFoundation: 216162199b28c13a410421893ffa2e32 -> 
  custom:container-demuxer-ogg: 62fdf1f143b41e24485cea50d1cbac27 -> 
  custom:video-decoder-webm-vp8: 9c59270c3fd7afecdb556c50c9e8de78 -> 
  custom:audio-decoder-ogg-vorbis: bf7c407c2cedff20999df2af8eb42d56 -> 
========================================================================
Received Import Request.
  Time since last request: 351532.566148 seconds.
  path: Assets
  artifactKey: Guid(00000000000000001000000000000000) Importer(815301076,1909f56bfc062723c751e8b465ee728b)
Start importing Assets using Guid(00000000000000001000000000000000) Importer(815301076,1909f56bfc062723c751e8b465ee728b)  -> (artifact id: '79842766b460edbeab6a34051e857a80') in 0.019931 seconds 
========================================================================
Received Import Request.
  Time since last request: 5.461116 seconds.
  path: Assets/Prefabs
  artifactKey: Guid(fd5a01828da7dfa4cacbebadb5a0364e) Importer(815301076,1909f56bfc062723c751e8b465ee728b)
Start importing Assets/Prefabs using Guid(fd5a01828da7dfa4cacbebadb5a0364e) Importer(815301076,1909f56bfc062723c751e8b465ee728b)  -> (artifact id: '93edd1e0755da5950367633ce6648202') in 0.020588 seconds 
========================================================================
Received Import Request.
  Time since last request: 6.512556 seconds.
  path: Assets/Scripts
  artifactKey: Guid(8f38df6e216c6ab4886136530c5fc452) Importer(815301076,1909f56bfc062723c751e8b465ee728b)
Start importing Assets/Scripts using Guid(8f38df6e216c6ab4886136530c5fc452) Importer(815301076,1909f56bfc062723c751e8b465ee728b)  -> (artifact id: 'beb9ee25f6ba7977ffd9c0a65f3847bc') in 0.017878 seconds 
========================================================================
Received Import Request.
  Time since last request: 7.097142 seconds.
  path: Assets/Materials
  artifactKey: Guid(98d649d95bea4b543afe934f223d3836) Importer(815301076,1909f56bfc062723c751e8b465ee728b)
Start importing Assets/Materials using Guid(98d649d95bea4b543afe934f223d3836) Importer(815301076,1909f56bfc062723c751e8b465ee728b)  -> (artifact id: '44cf6ca9d277442567871da9168606f8') in 0.016989 seconds 
========================================================================
Received Import Request.
  Time since last request: 19.161804 seconds.
  path: Assets/Materials/Yer.mat
  artifactKey: Guid(0ccd5067f3c5c3e42be5cf5b86e3c9d6) Importer(815301076,1909f56bfc062723c751e8b465ee728b)
Start importing Assets/Materials/Yer.mat using Guid(0ccd5067f3c5c3e42be5cf5b86e3c9d6) Importer(815301076,1909f56bfc062723c751e8b465ee728b)  -> (artifact id: 'de8ee5b55aad0f62413e41fc2eb57a14') in 0.288151 seconds 
========================================================================
Received Import Request.
  Time since last request: 24.827469 seconds.
  path: Assets/Materials/New Folder
  artifactKey: Guid(b7d0985aa5da11241b9388adaf33d10e) Importer(815301076,1909f56bfc062723c751e8b465ee728b)
Start importing Assets/Materials/New Folder using Guid(b7d0985aa5da11241b9388adaf33d10e) Importer(815301076,1909f56bfc062723c751e8b465ee728b)  -> (artifact id: '25665802a6731079d8c71b6904794617') in 0.016010 seconds 
========================================================================
Received Import Request.
  Time since last request: 9.956649 seconds.
  path: Assets/Materials/Obje.mat
  artifactKey: Guid(53afc17989e29c846a74c32167ceb5af) Importer(815301076,1909f56bfc062723c751e8b465ee728b)
Start importing Assets/Materials/Obje.mat using Guid(53afc17989e29c846a74c32167ceb5af) Importer(815301076,1909f56bfc062723c751e8b465ee728b)  -> (artifact id: '667dbf6cb5d43273fedd3c5265a1c3dc') in 0.024741 seconds 
========================================================================
Received Import Request.
  Time since last request: 160.432052 seconds.
  path: Assets/Race Car Package/Race Car Package.fbx
  artifactKey: Guid(6df8799e47834944c85abaf3e659049d) Importer(815301076,1909f56bfc062723c751e8b465ee728b)
Start importing Assets/Race Car Package/Race Car Package.fbx using Guid(6df8799e47834944c85abaf3e659049d) Importer(815301076,1909f56bfc062723c751e8b465ee728b)  -> (artifact id: 'fba84bfd70d863e944afd2aa14d6c55a') in 0.200193 seconds 
========================================================================
Received Import Request.
  Time since last request: 4.768573 seconds.
  path: Assets/Race Car Package/Prefab
  artifactKey: Guid(35c7cc2c39568a54f9560940c2b5addd) Importer(815301076,1909f56bfc062723c751e8b465ee728b)
Start importing Assets/Race Car Package/Prefab using Guid(35c7cc2c39568a54f9560940c2b5addd) Importer(815301076,1909f56bfc062723c751e8b465ee728b)  -> (artifact id: '643d001c3b3bbeded4dd1681bb5dd50d') in 0.017900 seconds 
========================================================================
Received Import Request.
  Time since last request: 0.939749 seconds.
  path: Assets/Race Car Package/Prefab/Car.prefab
  artifactKey: Guid(663342408c5e6e24f8e0cb584631c6ad) Importer(815301076,1909f56bfc062723c751e8b465ee728b)
Start importing Assets/Race Car Package/Prefab/Car.prefab using Guid(663342408c5e6e24f8e0cb584631c6ad) Importer(815301076,1909f56bfc062723c751e8b465ee728b)  -> (artifact id: '59605586e5663bb88fb4edd1a28ab266') in 0.026079 seconds 
========================================================================
Received Import Request.
  Time since last request: 0.000021 seconds.
  path: Assets/Race Car Package/Prefab/wheel_1_2.prefab
  artifactKey: Guid(f87abe0105f1b7347bd1b3b54fba32f3) Importer(815301076,1909f56bfc062723c751e8b465ee728b)
Start importing Assets/Race Car Package/Prefab/wheel_1_2.prefab using Guid(f87abe0105f1b7347bd1b3b54fba32f3) Importer(815301076,1909f56bfc062723c751e8b465ee728b)  -> (artifact id: 'ce269f614ec8962705489b730c98e3ff') in 0.024504 seconds 
========================================================================
Received Import Request.
  Time since last request: 0.000032 seconds.
  path: Assets/Race Car Package/Prefab/Car_3.prefab
  artifactKey: Guid(7270d86670806f44a9c24b44dfc8c67c) Importer(815301076,1909f56bfc062723c751e8b465ee728b)
Start importing Assets/Race Car Package/Prefab/Car_3.prefab using Guid(7270d86670806f44a9c24b44dfc8c67c) Importer(815301076,1909f56bfc062723c751e8b465ee728b)  -> (artifact id: '0c08835b7b7294ee0f1947b625d600ca') in 0.035182 seconds 
========================================================================
Received Import Request.
  Time since last request: 0.000036 seconds.
  path: Assets/Race Car Package/Prefab/Car_2.prefab
  artifactKey: Guid(e49a8bcd44434de4fbd15b46bf3fd304) Importer(815301076,1909f56bfc062723c751e8b465ee728b)
Start importing Assets/Race Car Package/Prefab/Car_2.prefab using Guid(e49a8bcd44434de4fbd15b46bf3fd304) Importer(815301076,1909f56bfc062723c751e8b465ee728b)  -> (artifact id: '1e17eff1d623e79299b5f56a6b8275e6') in 0.034270 seconds 
========================================================================
Received Import Request.
  Time since last request: 0.000040 seconds.
  path: Assets/Race Car Package/Prefab/wheel_2.prefab
  artifactKey: Guid(133793f8b950077418f7313e1a49e233) Importer(815301076,1909f56bfc062723c751e8b465ee728b)
Start importing Assets/Race Car Package/Prefab/wheel_2.prefab using Guid(133793f8b950077418f7313e1a49e233) Importer(815301076,1909f56bfc062723c751e8b465ee728b)  -> (artifact id: '0cb5d2c99bb71146005b1abd2f174e53') in 0.025003 seconds 
========================================================================
Received Import Request.
  Time since last request: 0.000025 seconds.
  path: Assets/Race Car Package/Prefab/wheel.prefab
  artifactKey: Guid(4b47622e62d11cd47a61987872f40f27) Importer(815301076,1909f56bfc062723c751e8b465ee728b)
Start importing Assets/Race Car Package/Prefab/wheel.prefab using Guid(4b47622e62d11cd47a61987872f40f27) Importer(815301076,1909f56bfc062723c751e8b465ee728b)  -> (artifact id: 'f04a5e02c0a9b31299e811ea0fd89791') in 0.023295 seconds 
========================================================================
Received Import Request.
  Time since last request: 0.000022 seconds.
  path: Assets/Race Car Package/Prefab/wheel_1.prefab
  artifactKey: Guid(cddf6b9cf5244094594a0b53cff07cd3) Importer(815301076,1909f56bfc062723c751e8b465ee728b)
Start importing Assets/Race Car Package/Prefab/wheel_1.prefab using Guid(cddf6b9cf5244094594a0b53cff07cd3) Importer(815301076,1909f56bfc062723c751e8b465ee728b)  -> (artifact id: 'a4086594a0bac83305fed43c48f489e9') in 0.024411 seconds 
Editor requested this worker to shutdown with reason: Scaling down because of idle timeout
AssetImportWorker is now disconnected from the server
Process exiting
Exiting without the bug reporter. Application will terminate with return code 0